[smartminer.online/index.html]
[backblue.gif]
[fade.gif]
[index.html]
[ajax.googleapis.com/ajax/libs/jquery/1.11.2/jquery.min.js]
[smartminer.online/ico.png]
[smartminer.online/img/fon1.jpg]
[smartminer.online/telegram.gif]
[smartminer.online/img/smart_dep.jpg]
[smartminer.online/pravila.html]
[smartminer.online/faq.html]
[smartminer.online/kontakt.html]
[smartminer.online/GET]
[smartminer.online/index.html]
[smartminer.online/pravila.html]
[smartminer.online/faq.html]
[smartminer.online/cdn-cgi/l/email-protection.html]
[smartminer.online/kontakt.html]
[smartminer.online/GET.html]
[smartminer.online/cdn-cgi/l/email-protection.html]
[smartminer.online/cdn-cgi/scripts/5c5dd728/cloudflare-static/email-decode.min.js]
